<?xml version="1.0" encoding="UTF-8"?>
<!-- Generated by org.testng.reporters.JUnitXMLReporter -->
<testsuite hostname="MININT-1TH8HFR" ignored="8" name="automationpractise test" tests="9" failures="1" timestamp="27 Sep 2019 11:33:14 GMT" time="47.099" errors="0">
  <testcase name="Title_Verification" time="3.726" classname="com.atp.testcases.TC_001_Shop_verify"/>
  <testcase name="count_slides" time="3.17" classname="com.atp.testcases.TC_001_Shop_verify"/>
  <testcase name="Additem" time="2.63" classname="com.atp.testcases.TC_002_Addtocart"/>
  <testcase name="Addbasket" time="2.774" classname="com.atp.testcases.TC_002_Addtocart"/>
  <testcase name="imageclick" time="0.133" classname="com.atp.testcases.TC_002_Addtocart"/>
  <testcase name="popup" time="10.145" classname="com.atp.testcases.TC_002_Addtocart"/>
  <testcase name="Basket" time="12.791" classname="com.atp.testcases.TC_003_ViewBasket"/>
  <testcase name="checkoutpage" time="2.668" classname="com.atp.testcases.TC_004_Checkout"/>
  <testcase name="ShippinDetails" time="8.33" classname="com.atp.testcases.TC_005_ShippingAddress">
    <failure type="org.openqa.selenium.support.ui.UnexpectedTagNameException" message="Element should have been &amp;quot;select&amp;quot; but was &amp;quot;input&amp;quot;
Build info: version: &amp;apos;3.4.0&amp;apos;, revision: &amp;apos;unknown&amp;apos;, time: &amp;apos;unknown&amp;apos;
System info: host: &amp;apos;MININT-1TH8HFR&amp;apos;, ip: &amp;apos;10.171.72.16&amp;apos;, os.name: &amp;apos;Windows 10&amp;apos;, os.arch: &amp;apos;amd64&amp;apos;, os.version: &amp;apos;10.0&amp;apos;, java.version: &amp;apos;1.8.0_211&amp;apos;
Driver info: driver.version: unknown">
      <![CDATA[org.openqa.selenium.support.ui.UnexpectedTagNameException: Element should have been "select" but was "input"
Build info: version: '3.4.0', revision: 'unknown', time: 'unknown'
System info: host: 'MININT-1TH8HFR', ip: '10.171.72.16', os.name: 'Windows 10', os.arch: 'amd64', os.version: '10.0', java.version: '1.8.0_211'
Driver info: driver.version: unknown
	at org.openqa.selenium.support.ui.Select.<init>(Select.java:47)
	at com.atp.pageobjects.ShippingAaddress.dropdown(ShippingAaddress.java:59)
	at com.atp.testcases.TC_005_ShippingAddress.ShippinDetails(TC_005_ShippingAddress.java:27)
... Removed 25 stack frames]]>
    </failure>
  </testcase> <!-- ShippinDetails -->
  <testcase name="@BeforeSuite setUp" time="0.0" classname="com.atp.testcases.BaseClass">
    <ignored/>
  </testcase> <!-- @BeforeSuite setUp -->
  <testcase name="@BeforeSuite setUp" time="0.0" classname="com.atp.testcases.BaseClass">
    <ignored/>
  </testcase> <!-- @BeforeSuite setUp -->
  <testcase name="@BeforeSuite setUp" time="0.0" classname="com.atp.testcases.BaseClass">
    <ignored/>
  </testcase> <!-- @BeforeSuite setUp -->
  <testcase name="@BeforeSuite setUp" time="0.0" classname="com.atp.testcases.BaseClass">
    <ignored/>
  </testcase> <!-- @BeforeSuite setUp -->
  <testcase name="@AfterSuite tearDown" time="0.0" classname="com.atp.testcases.BaseClass">
    <ignored/>
  </testcase> <!-- @AfterSuite tearDown -->
  <testcase name="@AfterSuite tearDown" time="0.0" classname="com.atp.testcases.BaseClass">
    <ignored/>
  </testcase> <!-- @AfterSuite tearDown -->
  <testcase name="@AfterSuite tearDown" time="0.0" classname="com.atp.testcases.BaseClass">
    <ignored/>
  </testcase> <!-- @AfterSuite tearDown -->
  <testcase name="@AfterSuite tearDown" time="0.0" classname="com.atp.testcases.BaseClass">
    <ignored/>
  </testcase> <!-- @AfterSuite tearDown -->
</testsuite> <!-- automationpractise test -->
