<?xml version="1.0" encoding="UTF-8"?>
<!-- Generated by org.testng.reporters.JUnitXMLReporter -->
<testsuite hostname="MININT-1TH8HFR" ignored="4" name="automationtestingpractice test on Firefox" tests="7" failures="0" timestamp="18 Sep 2019 10:42:02 GMT" time="0.027" errors="0">
  <testcase name="@BeforeSuite setUp" time="0.0" classname="com.atp.testcases.BaseClass">
    <failure type="org.testng.TestNGException" message="
Parameter &amp;apos;browserName&amp;apos; is required by BeforeSuite on method setUp but has not been marked @Optional or defined
in C:\Users\v-puchal\eclipse-workspace\Automationtesting_Practice\TestNG.xml">
      <![CDATA[org.testng.TestNGException: 
Parameter 'browserName' is required by BeforeSuite on method setUp but has not been marked @Optional or defined
in C:\Users\v-puchal\eclipse-workspace\Automationtesting_Practice\TestNG.xml
... Removed 16 stack frames]]>
    </failure>
  </testcase> <!-- @BeforeSuite setUp -->
  <testcase name="Title_Verification" time="0.0" classname="com.atp.testcases.TC_001_Shop_verify">
    <skipped/>
  </testcase> <!-- Title_Verification -->
  <testcase name="count_slides" time="0.0" classname="com.atp.testcases.TC_001_Shop_verify">
    <skipped/>
  </testcase> <!-- count_slides -->
  <testcase name="Additem" time="0.0" classname="com.atp.testcases.TC_002_Addtocart">
    <skipped/>
  </testcase> <!-- Additem -->
  <testcase name="Addbasket" time="0.0" classname="com.atp.testcases.TC_002_Addtocart">
    <skipped/>
  </testcase> <!-- Addbasket -->
  <testcase name="imageclick" time="0.0" classname="com.atp.testcases.TC_002_Addtocart">
    <skipped/>
  </testcase> <!-- imageclick -->
  <testcase name="popup" time="0.0" classname="com.atp.testcases.TC_002_Addtocart">
    <skipped/>
  </testcase> <!-- popup -->
  <testcase name="Basket" time="0.0" classname="com.atp.testcases.TC_003_ViewBasket">
    <skipped/>
  </testcase> <!-- Basket -->
  <testcase name="@BeforeSuite setUp" time="0.0" classname="com.atp.testcases.BaseClass">
    <ignored/>
  </testcase> <!-- @BeforeSuite setUp -->
  <testcase name="@BeforeSuite setUp" time="0.0" classname="com.atp.testcases.BaseClass">
    <ignored/>
  </testcase> <!-- @BeforeSuite setUp -->
  <testcase name="@AfterSuite tearDown" time="0.0" classname="com.atp.testcases.BaseClass">
    <ignored/>
  </testcase> <!-- @AfterSuite tearDown -->
  <testcase name="@AfterSuite tearDown" time="0.0" classname="com.atp.testcases.BaseClass">
    <ignored/>
  </testcase> <!-- @AfterSuite tearDown -->
</testsuite> <!-- automationtestingpractice test on Firefox -->
